<?xml version="1.0" encoding="UTF-8"?>
<!-- Generated by org.testng.reporters.JUnitXMLReporter -->
<testsuite ignored="0" hostname="apples-MacBook-Pro.local" failures="5" tests="6" name="Test" time="67.853" errors="0" timestamp="2025-10-24T20:29:37 IST">
  <testcase classname="testCases.TC003_LoginDDt" name="verify_loginDTT" time="3.253"/>
  <testcase classname="testCases.TC003_LoginDDt" name="verify_loginDTT" time="10.579">
    <failure type="java.lang.AssertionError" message="null">
      <![CDATA[java.lang.AssertionError: null
at testCases.TC003_LoginDDt.verify_loginDTT(TC003_LoginDDt.java:68)
at java.base/java.util.ArrayList.forEach(ArrayList.java:1596)
... Removed 27 stack frames]]>
    </failure>
  </testcase> <!-- verify_loginDTT -->
  <testcase classname="testCases.TC003_LoginDDt" name="verify_loginDTT" time="10.469">
    <failure type="java.lang.AssertionError" message="null">
      <![CDATA[java.lang.AssertionError: null
at testCases.TC003_LoginDDt.verify_loginDTT(TC003_LoginDDt.java:68)
at java.base/java.util.ArrayList.forEach(ArrayList.java:1596)
... Removed 27 stack frames]]>
    </failure>
  </testcase> <!-- verify_loginDTT -->
  <testcase classname="testCases.TC003_LoginDDt" name="verify_loginDTT" time="10.314">
    <failure type="java.lang.AssertionError" message="null">
      <![CDATA[java.lang.AssertionError: null
at testCases.TC003_LoginDDt.verify_loginDTT(TC003_LoginDDt.java:68)
at java.base/java.util.ArrayList.forEach(ArrayList.java:1596)
... Removed 27 stack frames]]>
    </failure>
  </testcase> <!-- verify_loginDTT -->
  <testcase classname="testCases.TC003_LoginDDt" name="verify_loginDTT" time="10.352">
    <failure type="java.lang.AssertionError" message="null">
      <![CDATA[java.lang.AssertionError: null
at testCases.TC003_LoginDDt.verify_loginDTT(TC003_LoginDDt.java:68)
at java.base/java.util.ArrayList.forEach(ArrayList.java:1596)
... Removed 27 stack frames]]>
    </failure>
  </testcase> <!-- verify_loginDTT -->
  <testcase classname="testCases.TC003_LoginDDt" name="verify_loginDTT" time="11.131">
    <failure type="java.lang.AssertionError" message="null">
      <![CDATA[java.lang.AssertionError: null
at testCases.TC003_LoginDDt.verify_loginDTT(TC003_LoginDDt.java:68)
at java.base/java.util.ArrayList.forEach(ArrayList.java:1596)
... Removed 27 stack frames]]>
    </failure>
  </testcase> <!-- verify_loginDTT -->
</testsuite> <!-- Test -->
