<?xml version="1.0" encoding="UTF-8"?>
<testng-results ignored="0" total="2" passed="2" failed="0" skipped="0">
  <reporter-output>
  </reporter-output>
  <suite started-at="2025-10-26T13:02:40 IST" name="Master Suite" finished-at="2025-10-26T13:03:00 IST" duration-ms="20457">
    <groups>
      <group name="Master">
        <method signature="TC001_AccountRegistrtaionTest.verify_account_registration()[pri:0, instance:testCases.TC001_AccountRegistrtaionTest@7a55af6b]" name="verify_account_registration" class="testCases.TC001_AccountRegistrtaionTest"/>
        <method signature="TC002_LoginTest.Login()[pri:0, instance:testCases.TC002_LoginTest@7582ff54]" name="Login" class="testCases.TC002_LoginTest"/>
      </group> <!-- Master -->
      <group name="Sanity">
        <method signature="TC002_LoginTest.Login()[pri:0, instance:testCases.TC002_LoginTest@7582ff54]" name="Login" class="testCases.TC002_LoginTest"/>
      </group> <!-- Sanity -->
      <group name="Regression">
        <method signature="TC001_AccountRegistrtaionTest.verify_account_registration()[pri:0, instance:testCases.TC001_AccountRegistrtaionTest@7a55af6b]" name="verify_account_registration" class="testCases.TC001_AccountRegistrtaionTest"/>
      </group> <!-- Regression -->
    </groups>
    <test started-at="2025-10-26T13:02:40 IST" name="Test" finished-at="2025-10-26T13:03:00 IST" duration-ms="20457">
      <class name="testCases.TC002_LoginTest">
        <test-method is-config="true" signature="setup(java.lang.String,java.lang.String)[pri:0, instance:testCases.TC002_LoginTest@7582ff54]" started-at="2025-10-26T13:02:53 IST" name="setup" finished-at="2025-10-26T13:02:57 IST" duration-ms="3581" status="PASS">
          <params>
            <param index="0">
              <value>
                <![CDATA[Linux]]>
              </value>
            </param>
            <param index="1">
              <value>
                <![CDATA[chrome]]>
              </value>
            </param>
          </params>
          <reporter-output>
          </reporter-output>
        </test-method> <!-- setup -->
        <test-method signature="Login()[pri:0, instance:testCases.TC002_LoginTest@7582ff54]" started-at="2025-10-26T13:02:57 IST" name="Login" finished-at="2025-10-26T13:03:00 IST" duration-ms="3358" status="PASS">
          <reporter-output>
          </reporter-output>
        </test-method> <!-- Login -->
        <test-method is-config="true" signature="tearDown()[pri:0, instance:testCases.TC002_LoginTest@7582ff54]" started-at="2025-10-26T13:03:00 IST" name="tearDown" finished-at="2025-10-26T13:03:00 IST" duration-ms="177" status="PASS">
          <reporter-output>
          </reporter-output>
        </test-method> <!-- tearDown -->
      </class> <!-- testCases.TC002_LoginTest -->
      <class name="testCases.TC001_AccountRegistrtaionTest">
        <test-method is-config="true" signature="setup(java.lang.String,java.lang.String)[pri:0, instance:testCases.TC001_AccountRegistrtaionTest@7a55af6b]" started-at="2025-10-26T13:02:41 IST" name="setup" finished-at="2025-10-26T13:02:47 IST" duration-ms="6449" status="PASS">
          <params>
            <param index="0">
              <value>
                <![CDATA[Linux]]>
              </value>
            </param>
            <param index="1">
              <value>
                <![CDATA[chrome]]>
              </value>
            </param>
          </params>
          <reporter-output>
          </reporter-output>
        </test-method> <!-- setup -->
        <test-method signature="verify_account_registration()[pri:0, instance:testCases.TC001_AccountRegistrtaionTest@7a55af6b]" started-at="2025-10-26T13:02:47 IST" name="verify_account_registration" finished-at="2025-10-26T13:02:53 IST" duration-ms="5880" status="PASS">
          <reporter-output>
          </reporter-output>
        </test-method> <!-- verify_account_registration -->
        <test-method is-config="true" signature="tearDown()[pri:0, instance:testCases.TC001_AccountRegistrtaionTest@7a55af6b]" started-at="2025-10-26T13:02:53 IST" name="tearDown" finished-at="2025-10-26T13:02:53 IST" duration-ms="221" status="PASS">
          <reporter-output>
          </reporter-output>
        </test-method> <!-- tearDown -->
      </class> <!-- testCases.TC001_AccountRegistrtaionTest -->
    </test> <!-- Test -->
  </suite> <!-- Master Suite -->
</testng-results>
