<?xml version="1.0" encoding="UTF-8"?>
<testng-results ignored="0" total="4" passed="4" failed="0" skipped="0">
  <reporter-output>
  </reporter-output>
  <suite started-at="2025-10-24T21:50:23 IST" name="Suite" finished-at="2025-10-24T21:51:08 IST" duration-ms="44864">
    <groups>
      <group name="Master">
        <method signature="TC001_AccountRegistrtaionTest.verify_account_registration()[pri:0, instance:testCases.TC001_AccountRegistrtaionTest@7dda48d9]" name="verify_account_registration" class="testCases.TC001_AccountRegistrtaionTest"/>
        <method signature="TC002_LoginTest.Login()[pri:0, instance:testCases.TC002_LoginTest@648c94da]" name="Login" class="testCases.TC002_LoginTest"/>
        <method signature="TC001_AccountRegistrtaionTest.verify_account_registration()[pri:0, instance:testCases.TC001_AccountRegistrtaionTest@6d1ef78d]" name="verify_account_registration" class="testCases.TC001_AccountRegistrtaionTest"/>
        <method signature="TC002_LoginTest.Login()[pri:0, instance:testCases.TC002_LoginTest@1a6c1270]" name="Login" class="testCases.TC002_LoginTest"/>
      </group> <!-- Master -->
      <group name="Sanity">
        <method signature="TC002_LoginTest.Login()[pri:0, instance:testCases.TC002_LoginTest@648c94da]" name="Login" class="testCases.TC002_LoginTest"/>
        <method signature="TC002_LoginTest.Login()[pri:0, instance:testCases.TC002_LoginTest@1a6c1270]" name="Login" class="testCases.TC002_LoginTest"/>
      </group> <!-- Sanity -->
      <group name="Regression">
        <method signature="TC001_AccountRegistrtaionTest.verify_account_registration()[pri:0, instance:testCases.TC001_AccountRegistrtaionTest@7dda48d9]" name="verify_account_registration" class="testCases.TC001_AccountRegistrtaionTest"/>
        <method signature="TC001_AccountRegistrtaionTest.verify_account_registration()[pri:0, instance:testCases.TC001_AccountRegistrtaionTest@6d1ef78d]" name="verify_account_registration" class="testCases.TC001_AccountRegistrtaionTest"/>
      </group> <!-- Regression -->
    </groups>
    <test started-at="2025-10-24T21:50:23 IST" name="Test" finished-at="2025-10-24T21:50:39 IST" duration-ms="15739">
      <class name="testCases.TC002_LoginTest">
        <test-method is-config="true" signature="setup(java.lang.String,java.lang.String)[pri:0, instance:testCases.TC002_LoginTest@648c94da]" started-at="2025-10-24T21:50:34 IST" name="setup" finished-at="2025-10-24T21:50:36 IST" duration-ms="2509" status="PASS">
          <params>
            <param index="0">
              <value>
                <![CDATA[Linux]]>
              </value>
            </param>
            <param index="1">
              <value>
                <![CDATA[chrome]]>
              </value>
            </param>
          </params>
          <reporter-output>
          </reporter-output>
        </test-method> <!-- setup -->
        <test-method signature="Login()[pri:0, instance:testCases.TC002_LoginTest@648c94da]" started-at="2025-10-24T21:50:36 IST" name="Login" finished-at="2025-10-24T21:50:39 IST" duration-ms="2427" status="PASS">
          <reporter-output>
          </reporter-output>
        </test-method> <!-- Login -->
        <test-method is-config="true" signature="tearDown()[pri:0, instance:testCases.TC002_LoginTest@648c94da]" started-at="2025-10-24T21:50:39 IST" name="tearDown" finished-at="2025-10-24T21:50:39 IST" duration-ms="179" status="PASS">
          <reporter-output>
          </reporter-output>
        </test-method> <!-- tearDown -->
      </class> <!-- testCases.TC002_LoginTest -->
      <class name="testCases.TC001_AccountRegistrtaionTest">
        <test-method is-config="true" signature="setup(java.lang.String,java.lang.String)[pri:0, instance:testCases.TC001_AccountRegistrtaionTest@7dda48d9]" started-at="2025-10-24T21:50:23 IST" name="setup" finished-at="2025-10-24T21:50:29 IST" duration-ms="5923" status="PASS">
          <params>
            <param index="0">
              <value>
                <![CDATA[Linux]]>
              </value>
            </param>
            <param index="1">
              <value>
                <![CDATA[chrome]]>
              </value>
            </param>
          </params>
          <reporter-output>
          </reporter-output>
        </test-method> <!-- setup -->
        <test-method signature="verify_account_registration()[pri:0, instance:testCases.TC001_AccountRegistrtaionTest@7dda48d9]" started-at="2025-10-24T21:50:29 IST" name="verify_account_registration" finished-at="2025-10-24T21:50:33 IST" duration-ms="4099" status="PASS">
          <reporter-output>
          </reporter-output>
        </test-method> <!-- verify_account_registration -->
        <test-method is-config="true" signature="tearDown()[pri:0, instance:testCases.TC001_AccountRegistrtaionTest@7dda48d9]" started-at="2025-10-24T21:50:33 IST" name="tearDown" finished-at="2025-10-24T21:50:34 IST" duration-ms="206" status="PASS">
          <reporter-output>
          </reporter-output>
        </test-method> <!-- tearDown -->
      </class> <!-- testCases.TC001_AccountRegistrtaionTest -->
    </test> <!-- Test -->
    <test started-at="2025-10-24T21:50:45 IST" name="Linux-Firefox" finished-at="2025-10-24T21:51:08 IST" duration-ms="22795">
      <class name="testCases.TC002_LoginTest">
        <test-method is-config="true" signature="setup(java.lang.String,java.lang.String)[pri:0, instance:testCases.TC002_LoginTest@1a6c1270]" started-at="2025-10-24T21:50:58 IST" name="setup" finished-at="2025-10-24T21:51:04 IST" duration-ms="5792" status="PASS">
          <params>
            <param index="0">
              <value>
                <![CDATA[linux]]>
              </value>
            </param>
            <param index="1">
              <value>
                <![CDATA[firefox]]>
              </value>
            </param>
          </params>
          <reporter-output>
          </reporter-output>
        </test-method> <!-- setup -->
        <test-method signature="Login()[pri:0, instance:testCases.TC002_LoginTest@1a6c1270]" started-at="2025-10-24T21:51:04 IST" name="Login" finished-at="2025-10-24T21:51:06 IST" duration-ms="2246" status="PASS">
          <reporter-output>
          </reporter-output>
        </test-method> <!-- Login -->
        <test-method is-config="true" signature="tearDown()[pri:0, instance:testCases.TC002_LoginTest@1a6c1270]" started-at="2025-10-24T21:51:06 IST" name="tearDown" finished-at="2025-10-24T21:51:08 IST" duration-ms="1577" status="PASS">
          <reporter-output>
          </reporter-output>
        </test-method> <!-- tearDown -->
      </class> <!-- testCases.TC002_LoginTest -->
      <class name="testCases.TC001_AccountRegistrtaionTest">
        <test-method is-config="true" signature="setup(java.lang.String,java.lang.String)[pri:0, instance:testCases.TC001_AccountRegistrtaionTest@6d1ef78d]" started-at="2025-10-24T21:50:45 IST" name="setup" finished-at="2025-10-24T21:50:53 IST" duration-ms="8030" status="PASS">
          <params>
            <param index="0">
              <value>
                <![CDATA[linux]]>
              </value>
            </param>
            <param index="1">
              <value>
                <![CDATA[firefox]]>
              </value>
            </param>
          </params>
          <reporter-output>
          </reporter-output>
        </test-method> <!-- setup -->
        <test-method signature="verify_account_registration()[pri:0, instance:testCases.TC001_AccountRegistrtaionTest@6d1ef78d]" started-at="2025-10-24T21:50:53 IST" name="verify_account_registration" finished-at="2025-10-24T21:50:57 IST" duration-ms="3729" status="PASS">
          <reporter-output>
          </reporter-output>
        </test-method> <!-- verify_account_registration -->
        <test-method is-config="true" signature="tearDown()[pri:0, instance:testCases.TC001_AccountRegistrtaionTest@6d1ef78d]" started-at="2025-10-24T21:50:57 IST" name="tearDown" finished-at="2025-10-24T21:50:58 IST" duration-ms="1410" status="PASS">
          <reporter-output>
          </reporter-output>
        </test-method> <!-- tearDown -->
      </class> <!-- testCases.TC001_AccountRegistrtaionTest -->
    </test> <!-- Linux-Firefox -->
  </suite> <!-- Suite -->
</testng-results>
